2024-01-21 22:14:43,270 - INFO - Результат сложения: 8+10i
2024-01-21 22:14:43,271 - INFO - Результат умножения: -9+38i
2024-01-21 22:14:43,271 - INFO - Результат деления: 0.639344262295082+0.03278688524590164i
2024-01-21 22:14:55,282 - INFO - Результат сложения: 8+10i
2024-01-21 22:14:55,283 - INFO - Результат умножения: -9+38i
2024-01-21 22:14:55,283 - INFO - Результат деления: 0.639344262295082+0.03278688524590164i
2024-01-21 22:47:18,880 - INFO - Результат сложения: 8+10i
2024-01-21 22:47:18,880 - INFO - Результат умножения: -9+38i
2024-01-21 22:47:18,880 - INFO - Результат деления: 0.639344262295082+0.03278688524590164i
2024-01-21 22:47:27,717 - INFO - Результат сложения: 8+10i
2024-01-21 22:47:27,717 - INFO - Результат умножения: -9+38i
2024-01-21 22:47:27,718 - INFO - Результат деления: 0.639344262295082+0.03278688524590164i
2024-01-21 22:47:39,295 - INFO - Результат сложения: 8+10i
2024-01-21 22:47:39,295 - INFO - Результат умножения: -9+38i
2024-01-21 22:47:39,295 - INFO - Результат деления: 0.639344262295082+0.03278688524590164i
2024-01-21 22:49:51,167 - INFO - Результат сложения: 8+10i
2024-01-21 22:50:03,654 - INFO - Результат умножения: -9+38i
2024-01-21 22:50:28,212 - INFO - Результат деления: 0.639344262295082+0.03278688524590164i
2024-01-21 22:51:51,098 - INFO - Результат сложения: 8+10i
2024-01-21 22:51:51,098 - INFO - Результат умножения: -9+38i
2024-01-21 22:51:51,098 - INFO - Результат деления: 0.639344262295082+0.03278688524590164i
2024-01-21 22:52:54,507 - INFO - Результат сложения: 8+10i
2024-01-21 22:52:54,507 - INFO - Результат умножения: -9+38i
2024-01-21 22:52:54,507 - INFO - Результат деления: 0.639344262295082+0.03278688524590164i
2024-01-21 22:59:38,468 - INFO - Результат сложения: 5.0+11.0i
2024-01-21 22:59:38,469 - INFO - Результат умножения: -26.0+26.0i
2024-01-21 22:59:38,469 - INFO - Результат деления: 0.6538461538461539+0.2692307692307692i
2024-01-21 23:01:08,415 - INFO - Результат сложения: 3.0+14.0i
2024-01-21 23:01:08,416 - INFO - Результат умножения: -46.0+20.0i
2024-01-21 23:01:08,416 - INFO - Результат деления: 0.7352941176470589+0.058823529411764705i
2024-01-21 23:29:22,212 - INFO - Результат сложения: 6.0+5.0i
2024-01-21 23:29:22,213 - INFO - Результат умножения: -1.0+17.0i
2024-01-21 23:29:22,213 - INFO - Результат деления: 0.3793103448275862+0.4482758620689655i
2024-01-21 23:34:45,229 - INFO - Результат сложения: 6.0+14.0i
2024-01-21 23:34:45,229 - INFO - Результат умножения: -40.0+34.0i
2024-01-21 23:34:45,229 - INFO - Результат деления: 0.4716981132075472+0.1509433962264151i
2024-01-21 23:40:04,456 - INFO - Результат сложения: 5.0+13.0i
2024-01-21 23:40:04,457 - INFO - Результат умножения: -38.0+31.0i
2024-01-21 23:40:04,457 - INFO - Результат деления: 0.7076923076923077+0.26153846153846155i
2024-01-21 23:49:13,812 - INFO - Результат сложения: 11.0+11.0i
2024-01-21 23:49:13,813 - INFO - Результат умножения: 2.0+59.0i
2024-01-21 23:49:13,814 - INFO - Результат деления: 0.6823529411764706-0.12941176470588237i
2024-01-22 00:32:37,899 - INFO - ('Результат сложения', <complex_number.ComplexNumber object at 0x000001BD3C19C9B0>)
2024-01-22 00:32:37,901 - INFO - ('Результат умножения', <complex_number.ComplexNumber object at 0x000001BD3C22C950>)
2024-01-22 00:32:37,908 - INFO - ('Результат деления', <complex_number.ComplexNumber object at 0x000001BD3C22C980>)
2024-01-22 00:39:46,288 - INFO - Результат Результат сложения: 9.0+9.0i
2024-01-22 00:39:46,289 - INFO - Результат Результат умножения: 0.0+36.0i
2024-01-22 00:39:46,289 - INFO - Результат Результат деления: 2.0+0.0i
2024-01-22 00:52:58,657 - INFO - Результат сложения: 3.0+3.0i
2024-01-22 00:52:58,657 - INFO - Результат умножения: 0.0+4.0i
2024-01-22 00:52:58,657 - INFO - Результат деления: 0.5+0.0i
2024-01-22 00:53:19,506 - INFO - Результат сложения: 7.0+7.0i
2024-01-22 00:53:19,507 - INFO - Результат умножения: 0.0+20.0i
2024-01-22 00:53:19,507 - INFO - Результат деления: 2.5+0.0i
2024-01-22 00:53:46,442 - INFO - Результат сложения: 3.0+3.0i
2024-01-22 00:53:46,442 - INFO - Результат умножения: 0.0+4.0i
2024-01-22 00:53:46,442 - INFO - Результат деления: 0.5+0.0i
2024-01-22 00:54:02,067 - INFO - Результат сложения: 9.0+9.0i
2024-01-22 00:54:02,067 - INFO - Результат умножения: 0.0+40.0i
2024-01-22 00:54:02,068 - INFO - Результат деления: 0.8+0.0i
2024-01-22 00:54:53,136 - INFO - Результат сложения: 3.0+3.0i
2024-01-22 00:54:53,136 - INFO - Результат умножения: 0.0+4.0i
2024-01-22 00:54:53,137 - INFO - Результат деления: 2.0+0.0i
2024-01-22 00:55:23,652 - INFO - Результат сложения: 5.0+5.0i
2024-01-22 00:55:23,652 - INFO - Результат умножения: 0.0+12.0i
2024-01-22 00:55:23,652 - INFO - Результат деления: 0.6666666666666666+0.0i
2024-01-22 00:56:15,296 - INFO - Результат сложения: 3.0+3.0i
2024-01-22 00:56:15,297 - INFO - Результат умножения: 0.0+4.0i
2024-01-22 00:56:15,298 - INFO - Результат деления: 0.5+0.0i
2024-01-22 00:56:26,397 - INFO - Результат сложения: 7.0+7.0i
2024-01-22 00:56:26,398 - INFO - Результат умножения: 0.0+20.0i
2024-01-22 00:56:26,398 - INFO - Результат деления: 0.4+0.0i
2024-01-22 01:07:43,497 - INFO - Результат сложения: 7.0+7.0i
2024-01-22 01:07:43,498 - INFO - Результат умножения: 0.0+20.0i
2024-01-22 01:07:43,498 - INFO - Результат деления: 0.4+0.0i
2024-01-22 01:09:27,123 - INFO - Результат сложения: 7.0+7.0i
2024-01-22 01:09:27,123 - INFO - Результат умножения: 0.0+20.0i
2024-01-22 01:09:27,123 - INFO - Результат деления: 0.4+0.0i
2024-01-22 01:17:24,908 - INFO - Сложение: 3.0+3.0i
2024-01-22 01:18:32,380 - INFO - Умножение: 0.0+4.0i
2024-01-22 01:20:00,849 - INFO - Деление: 0.5+0.0i
2024-01-22 10:42:43,249 - INFO - Сложение: 3.0+3.0i
2024-01-22 10:42:43,523 - INFO - Умножение: 0.0+4.0i
2024-01-22 10:42:43,525 - INFO - Деление: 0.5+0.0i
2024-01-22 10:50:52,726 - INFO - Сложение: 5.0+5.0i
2024-01-22 10:51:49,791 - INFO - Умножение: 0.0+12.0i
2024-01-22 10:52:48,654 - INFO - Деление: 0.6666666666666666+0.0i
2024-01-22 11:03:29,150 - INFO - Сложение: 5.0+5.0i
2024-01-22 11:03:29,151 - INFO - Вычитание: 5.0+5.0i
2024-01-22 11:03:29,151 - INFO - Умножение: 0.0+12.0i
2024-01-22 11:03:29,151 - INFO - Деление: 0.6666666666666666+0.0i
2024-01-22 11:04:00,546 - INFO - Сложение: 5.0+5.0i
2024-01-22 11:04:00,546 - INFO - Вычитание: 5.0+5.0i
2024-01-22 11:04:00,547 - INFO - Умножение: 0.0+12.0i
2024-01-22 11:04:00,547 - INFO - Деление: 0.6666666666666666+0.0i
2024-01-22 11:05:43,010 - INFO - Сложение: 5.0+5.0i
2024-01-22 11:07:54,728 - INFO - Сложение: 5.0+5.0i
2024-01-22 11:09:03,615 - INFO - Сложение: 5.0+5.0i
2024-01-22 11:11:30,900 - INFO - Сложение: 5.0+5.0i
2024-01-22 11:12:05,738 - INFO - Сложение: 5.0+5.0i
2024-01-22 11:12:21,226 - INFO - Сложение: 5.0+5.0i
2024-01-22 11:12:21,227 - INFO - Вычитание: -1.0-1.0i
2024-01-22 11:12:21,227 - INFO - Умножение: 0.0+12.0i
2024-01-22 11:12:21,227 - INFO - Деление: 0.6666666666666666+0.0i
2024-01-22 11:20:38,315 - INFO - Сложение: 5.0+5.0i
2024-01-22 11:20:38,315 - INFO - Вычитание: -1.0-1.0i
2024-01-22 11:20:38,316 - INFO - Умножение: 0.0+12.0i
2024-01-22 11:20:38,316 - INFO - Деление: 0.6666666666666666+0.0i
2024-01-22 12:07:08,004 - INFO - Сложение 5.0+5.0i
2024-01-22 12:07:08,005 - INFO - Вычитание -1.0-1.0i
2024-01-22 12:07:08,005 - INFO - Умножение 0.0+12.0i
2024-01-22 12:07:08,006 - INFO - Деление 0.6666666666666666+0.0i
2024-01-22 12:23:18,335 - INFO - Сложение 5.0+5.0i
2024-01-22 12:23:18,335 - INFO - Вычитание -1.0-1.0i
2024-01-22 12:23:18,336 - INFO - Умножение 0.0+12.0i
2024-01-22 12:23:18,336 - INFO - Деление 0.6666666666666666+0.0i
2024-01-22 12:39:53,959 - INFO - Сложение 5.0+5.0i
2024-01-22 12:39:53,959 - INFO - Вычитание -1.0-1.0i
2024-01-22 12:39:53,960 - INFO - Умножение 0.0+12.0i
2024-01-22 12:39:53,960 - INFO - Деление 0.6666666666666666+0.0i
2024-01-22 12:43:48,292 - INFO - Сложение 5.0+5.0i
2024-01-22 12:43:48,293 - INFO - Вычитание -1.0+-1.0i
2024-01-22 12:43:48,294 - INFO - Умножение 12.0i
2024-01-22 12:43:48,294 - INFO - Деление 0.6666666666666666
2024-01-22 12:46:13,617 - INFO - Сложение 11.0+8.0i
2024-01-22 12:46:13,617 - INFO - Вычитание -5.0+-2.0i
2024-01-22 12:46:13,617 - INFO - Умножение 9.0+39.0i
2024-01-22 12:46:13,617 - INFO - Деление 0.43820224719101125+0.10112359550561797i
2024-01-22 12:50:48,662 - INFO - Сложение 7.0+8.0i
2024-01-22 12:50:48,663 - INFO - Вычитание -3.0-4.0i
2024-01-22 12:50:48,663 - INFO - Умножение -2.0+22.0i
2024-01-22 12:50:48,663 - INFO - Деление 0.36065573770491804-0.03278688524590164i
